Arguments: 
  C:\Program Files\nodejs\node.exe C:\Users\fedora\AppData\Roaming\npm\node_modules\yarn\bin\yarn.js

PATH: 
  C:\Python310\Scripts\;C:\Python310\;C:\Program Files\Amazon Corretto\jdk11.0.11_9\bin;C:\Python39\Scripts\;C:\Python39\;C:\Windows\system32;C:\Windows;C:\Windows\System32\Wbem;C:\Windows\System32\WindowsPowerShell\v1.0\;C:\Program Files (x86)\NVIDIA Corporation\PhysX\Common;C:\WINDOWS\system32;C:\WINDOWS;C:\WINDOWS\System32\Wbem;C:\WINDOWS\System32\WindowsPowerShell\v1.0\;C:\WINDOWS\System32\OpenSSH\;C:\ProgramData\chocolatey\bin;C:\Program Files\dotnet\;C:\Program Files\Microsoft SQL Server\130\Tools\Binn\;C:\Program Files (x86)\dotnet\;C:\Program Files\Amazon\AWSCLIV2\;C:\Program Files\PuTTY\;C:\Program Files (x86)\Gpg4win\..\GnuPG\bin;C:\Program Files\Go\bin;C:\Program Files\PowerShell\7\;C:\Program Files\Docker\Docker\resources\bin;C:\ProgramData\DockerDesktop\version-bin;C:\Program Files\nodejs\;C:\Program Files\Git\cmd;C:\Program Files\MySQL\MySQL Shell 8.0\bin\;C:\Users\fedora\AppData\Local\Microsoft\WindowsApps;D:\DataGrip 2020.3\bin;D:\WebStorm 2020.3\bin;C:\Users\fedora\AppData\Local\Programs\Microsoft VS Code\bin;C:\Users\fedora\.dotnet\tools;C:\Program Files (x86)\GitHub CLI\;C:\Program Files\JetBrains\PhpStorm 2020.3.2\bin;C:\Program Files\JetBrains\PyCharm 2021.1\bin;C:\Program Files\JetBrains\JetBrains Rider 2021.1.1\bin;D:\flutter\bin;C:\Users\fedora\AppData\Local\gitkraken\bin;C:\Program Files\JetBrains\GoLand 2021.1.3\bin;C:\Users\fedora\go\bin;C:\Users\fedora\AppData\Roaming\npm

Yarn version: 
  1.22.17

Node version: 
  16.13.2

Platform: 
  win32 x64

Trace: 
  Error: https://registry.yarnpkg.com/@mui/icons-material/-/icons-material-5.4.1.tgz: ESOCKETTIMEDOUT
      at ClientRequest.<anonymous> (C:\Users\fedora\AppData\Roaming\npm\node_modules\yarn\lib\cli.js:141510:19)
      at Object.onceWrapper (node:events:509:28)
      at ClientRequest.emit (node:events:390:28)
      at TLSSocket.emitRequestTimeout (node:_http_client:763:9)
      at Object.onceWrapper (node:events:509:28)
      at TLSSocket.emit (node:events:402:35)
      at TLSSocket.Socket._onTimeout (node:net:501:8)
      at listOnTimeout (node:internal/timers:557:17)
      at processTimers (node:internal/timers:500:7)

npm manifest: 
  {
    "name": "cryptowatch",
    "version": "0.1.0",
    "private": true,
    "dependencies": {
      "@emotion/react": "^11.7.1",
      "@emotion/styled": "^11.6.0",
      "@fontsource/roboto": "^4.5.2",
      "@mui/icons-material": "^5.3.1",
      "@mui/material": "^5.3.1",
      "@reduxjs/toolkit": "^1.7.1",
      "@testing-library/jest-dom": "^5.16.1",
      "@testing-library/react": "^12.1.2",
      "@testing-library/user-event": "^13.5.0",
      "@types/jest": "^27.4.0",
      "@types/node": "^16.11.21",
      "@types/react": "^17.0.38",
      "@types/react-dom": "^17.0.11",
      "@types/react-router-dom": "^5.3.3",
      "chart.js": "^3.7.0",
      "date-fns": "^2.28.0",
      "react": "^17.0.2",
      "react-chartjs-2": "^4.0.1",
      "react-dom": "^17.0.2",
      "react-infinite-scroll-component": "^6.1.0",
      "react-redux": "^7.2.6",
      "react-router-dom": "^6.2.1",
      "react-scripts": "5.0.0",
      "react-sparklines": "^1.7.0",
      "rxjs": "^7.5.2",
      "typescript": "^4.5.5",
      "web-vitals": "^2.1.4"
    },
    "scripts": {
      "start": "react-scripts start",
      "build": "react-scripts build",
      "test": "react-scripts test",
      "eject": "react-scripts eject"
    },
    "eslintConfig": {
      "extends": [
        "react-app",
        "react-app/jest"
      ]
    },
    "browserslist": {
      "production": [
        ">0.2%",
        "not dead",
        "not op_mini all"
      ],
      "development": [
        "last 1 chrome version",
        "last 1 firefox version",
        "last 1 safari version"
      ]
    },
    "devDependencies": {
      "@types/react-sparklines": "^1.7.2"
    }
  }

yarn manifest: 
  No manifest

Lockfile: 
  No lockfile
